Using pre-set license
Built from '2021.3/staging' branch; Version is '2021.3.9f1 (ad3870b89536) revision 11352176'; Using compiler version '192829333'; Build Type 'Release'
OS: 'Windows 10  (10.0.19044) 64bit Core' Language: 'es' Physical Memory: 16332 MB
BatchMode: 1, IsHumanControllingUs: 0, StartBugReporterOnCrash: 0, Is64bit: 1, IsPro: 1

COMMAND LINE ARGUMENTS:
C:\Program Files\Unity\Hub\Editor\2021.3.9f1\Editor\Unity.exe
-adb2
-batchMode
-noUpm
-name
AssetImportWorker0
-projectPath
C:/Users/USUARIO/Desktop/Buscar Tabajo/ListaDeProyectosAComprobar/EntranSeguro/A1Terminados/MaquinaEstadosProject
-logFile
Logs/AssetImportWorker0.log
-srvPort
53388
Successfully changed project path to: C:/Users/USUARIO/Desktop/Buscar Tabajo/ListaDeProyectosAComprobar/EntranSeguro/A1Terminados/MaquinaEstadosProject
C:/Users/USUARIO/Desktop/Buscar Tabajo/ListaDeProyectosAComprobar/EntranSeguro/A1Terminados/MaquinaEstadosProject
[UnityMemory] Configuration Parameters - Can be set up in boot.config
    "memorysetup-bucket-allocator-granularity=16"
    "memorysetup-bucket-allocator-bucket-count=8"
    "memorysetup-bucket-allocator-block-size=33554432"
    "memorysetup-bucket-allocator-block-count=8"
    "memorysetup-main-allocator-block-size=16777216"
    "memorysetup-thread-allocator-block-size=16777216"
    "memorysetup-gfx-main-allocator-block-size=16777216"
    "memorysetup-gfx-thread-allocator-block-size=16777216"
    "memorysetup-cache-allocator-block-size=4194304"
    "memorysetup-typetree-allocator-block-size=2097152"
    "memorysetup-profiler-bucket-allocator-granularity=16"
    "memorysetup-profiler-bucket-allocator-bucket-count=8"
    "memorysetup-profiler-bucket-allocator-block-size=33554432"
    "memorysetup-profiler-bucket-allocator-block-count=8"
    "memorysetup-profiler-allocator-block-size=16777216"
    "memorysetup-profiler-editor-allocator-block-size=1048576"
    "memorysetup-temp-allocator-size-main=16777216"
    "memorysetup-job-temp-allocator-block-size=2097152"
    "memorysetup-job-temp-allocator-block-size-background=1048576"
    "memorysetup-job-temp-allocator-reduction-small-platforms=262144"
    "memorysetup-temp-allocator-size-background-worker=32768"
    "memorysetup-temp-allocator-size-job-worker=262144"
    "memorysetup-temp-allocator-size-preload-manager=33554432"
    "memorysetup-temp-allocator-size-nav-mesh-worker=65536"
    "memorysetup-temp-allocator-size-audio-worker=65536"
    "memorysetup-temp-allocator-size-cloud-worker=32768"
    "memorysetup-temp-allocator-size-gi-baking-worker=262144"
    "memorysetup-temp-allocator-size-gfx=262144"
Refreshing native plugins compatible for Editor in 63.44 ms, found 3 plugins.
Preloading 0 native plugins for Editor in 0.00 ms.
Initialize engine version: 2021.3.9f1 (ad3870b89536)
[Subsystems] Discovering subsystems at path C:/Program Files/Unity/Hub/Editor/2021.3.9f1/Editor/Data/Resources/UnitySubsystems
[Subsystems] Discovering subsystems at path C:/Users/USUARIO/Desktop/Buscar Tabajo/ListaDeProyectosAComprobar/EntranSeguro/A1Terminados/MaquinaEstadosProject/Assets
GfxDevice: creating device client; threaded=0; jobified=0
Direct3D:
    Version:  Direct3D 11.0 [level 11.1]
    Renderer: NVIDIA GeForce RTX 3060 Ti (ID=0x2489)
    Vendor:   NVIDIA
    VRAM:     8050 MB
    Driver:   30.0.15.1215
Initialize mono
Mono path[0] = 'C:/Program Files/Unity/Hub/Editor/2021.3.9f1/Editor/Data/Managed'
Mono path[1] = 'C:/Program Files/Unity/Hub/Editor/2021.3.9f1/Editor/Data/MonoBleedingEdge/lib/mono/unityjit-win32'
Mono config path = 'C:/Program Files/Unity/Hub/Editor/2021.3.9f1/Editor/Data/MonoBleedingEdge/etc'
Using monoOptions --debugger-agent=transport=dt_socket,embedding=1,server=y,suspend=n,address=127.0.0.1:56924
Begin MonoManager ReloadAssembly
Registering precompiled unity dll's ...
Register platform support module: C:/Program Files/Unity/Hub/Editor/2021.3.9f1/Editor/Data/PlaybackEngines/WindowsStandaloneSupport/UnityEditor.WindowsStandalone.Extensions.dll
Registered in 0.007681 seconds.
Native extension for WindowsStandalone target not found
Refreshing native plugins compatible for Editor in 62.52 ms, found 3 plugins.
Preloading 0 native plugins for Editor in 0.00 ms.
Mono: successfully reloaded assembly
- Completed reload, in  0.556 seconds
Domain Reload Profiling:
	ReloadAssembly (557ms)
		BeginReloadAssembly (78ms)
			ExecutionOrderSort (0ms)
			DisableScriptedObjects (0ms)
			BackupInstance (0ms)
			ReleaseScriptingObjects (0ms)
			CreateAndSetChildDomain (1ms)
		EndReloadAssembly (377ms)
			LoadAssemblies (76ms)
			RebuildTransferFunctionScriptingTraits (0ms)
			SetupTypeCache (85ms)
			ReleaseScriptCaches (0ms)
			RebuildScriptCaches (22ms)
			SetupLoadedEditorAssemblies (227ms)
				LogAssemblyErrors (0ms)
				InitializePlatformSupportModulesInManaged (7ms)
				SetLoadedEditorAssemblies (0ms)
				RefreshPlugins (63ms)
				BeforeProcessingInitializeOnLoad (1ms)
				ProcessInitializeOnLoadAttributes (118ms)
				ProcessInitializeOnLoadMethodAttributes (37ms)
				AfterProcessingInitializeOnLoad (0ms)
				EditorAssembliesLoaded (0ms)
			ExecutionOrderSort2 (0ms)
			AwakeInstancesAfterBackupRestoration (0ms)
Platform modules already initialized, skipping
Registering precompiled user dll's ...
Registered in 0.006528 seconds.
Begin MonoManager ReloadAssembly
Symbol file LoadedFromMemory doesn't match image C:\Users\USUARIO\Desktop\Buscar Tabajo\ListaDeProyectosAComprobar\EntranSeguro\A1Terminados\MaquinaEstadosProject\Library\PackageCache\com.unity.visualscripting@1.7.8\Editor\VisualScripting.Core\Dependencies\YamlDotNet\Unity.VisualScripting.YamlDotNet.dll
Symbol file LoadedFromMemory doesn't match image C:\Users\USUARIO\Desktop\Buscar Tabajo\ListaDeProyectosAComprobar\EntranSeguro\A1Terminados\MaquinaEstadosProject\Library\PackageCache\com.unity.visualscripting@1.7.8\Editor\VisualScripting.Core\Dependencies\DotNetZip\Unity.VisualScripting.IonicZip.dll
Native extension for WindowsStandalone target not found
Refreshing native plugins compatible for Editor in 0.60 ms, found 3 plugins.
Preloading 0 native plugins for Editor in 0.00 ms.
Mono: successfully reloaded assembly
- Completed reload, in  0.835 seconds
Domain Reload Profiling:
	ReloadAssembly (836ms)
		BeginReloadAssembly (103ms)
			ExecutionOrderSort (0ms)
			DisableScriptedObjects (6ms)
			BackupInstance (0ms)
			ReleaseScriptingObjects (0ms)
			CreateAndSetChildDomain (18ms)
		EndReloadAssembly (629ms)
			LoadAssemblies (74ms)
			RebuildTransferFunctionScriptingTraits (0ms)
			SetupTypeCache (185ms)
			ReleaseScriptCaches (1ms)
			RebuildScriptCaches (41ms)
			SetupLoadedEditorAssemblies (300ms)
				LogAssemblyErrors (0ms)
				InitializePlatformSupportModulesInManaged (5ms)
				SetLoadedEditorAssemblies (0ms)
				RefreshPlugins (1ms)
				BeforeProcessingInitializeOnLoad (72ms)
				ProcessInitializeOnLoadAttributes (190ms)
				ProcessInitializeOnLoadMethodAttributes (23ms)
				AfterProcessingInitializeOnLoad (9ms)
				EditorAssembliesLoaded (0ms)
			ExecutionOrderSort2 (0ms)
			AwakeInstancesAfterBackupRestoration (5ms)
Platform modules already initialized, skipping
========================================================================
Worker process is ready to serve import requests
Launched and connected shader compiler UnityShaderCompiler.exe after 0.04 seconds
Refreshing native plugins compatible for Editor in 0.59 ms, found 3 plugins.
Preloading 0 native plugins for Editor in 0.00 ms.
Unloading 3281 Unused Serialized files (Serialized files now loaded: 0)
Unloading 24 unused Assets / (55.7 KB). Loaded Objects now: 3741.
Memory consumption went from 113.5 MB to 113.5 MB.
Total: 2.943200 ms (FindLiveObjects: 0.342900 ms CreateObjectMapping: 0.088500 ms MarkObjects: 2.406200 ms  DeleteObjects: 0.104500 ms)

AssetImportParameters requested are different than current active one (requested -> active):
  custom:video-decoder-ogg-theora: a1e56fd34408186e4bbccfd4996cb3dc -> 
  custom:container-muxer-webm: aa71ff27fc2769a1b78a27578f13a17b -> 
  custom:container-demuxer-webm: 4f35f7cbe854078d1ac9338744f61a02 -> 
  custom:video-encoder-webm-vp8: eb34c28f22e8b96e1ab97ce403110664 -> 
  custom:audio-encoder-webm-vorbis: bf7c407c2cedff20999df2af8eb42d56 -> 
  custom:framework-win-MediaFoundation: 216162199b28c13a410421893ffa2e32 -> 
  custom:container-demuxer-ogg: 62fdf1f143b41e24485cea50d1cbac27 -> 
  custom:video-decoder-webm-vp8: 9c59270c3fd7afecdb556c50c9e8de78 -> 
  custom:audio-decoder-ogg-vorbis: bf7c407c2cedff20999df2af8eb42d56 -> 
========================================================================
Received Import Request.
  Time since last request: 14048.002242 seconds.
  path: Assets/StateMachines
  artifactKey: Guid(6b169d236a2713d40b95827a8569b0c1) Importer(815301076,1909f56bfc062723c751e8b465ee728b)
Start importing Assets/StateMachines using Guid(6b169d236a2713d40b95827a8569b0c1) Importer(815301076,1909f56bfc062723c751e8b465ee728b)  -> (artifact id: '14ed362ef5714b3fd1021aeb447955b9') in 0.012221 seconds 
========================================================================
Received Import Request.
  Time since last request: 0.000026 seconds.
  path: Assets/Scripts
  artifactKey: Guid(d4a0d4d36b1fb324e9cabdf2cf2ce252) Importer(815301076,1909f56bfc062723c751e8b465ee728b)
Start importing Assets/Scripts using Guid(d4a0d4d36b1fb324e9cabdf2cf2ce252) Importer(815301076,1909f56bfc062723c751e8b465ee728b)  -> (artifact id: '2655f08d9be006cb25d8eab2f1bc471d') in 0.006339 seconds 
========================================================================
Received Import Request.
  Time since last request: 6.333776 seconds.
  path: Assets/StateMachines/Semaphore
  artifactKey: Guid(8a40cd5009c050f488162bfa7c8cea2c) Importer(815301076,1909f56bfc062723c751e8b465ee728b)
Start importing Assets/StateMachines/Semaphore using Guid(8a40cd5009c050f488162bfa7c8cea2c) Importer(815301076,1909f56bfc062723c751e8b465ee728b)  -> (artifact id: '9babb36dc7dcef939631b2ece52a3c8c') in 0.006086 seconds 
========================================================================
Received Import Request.
  Time since last request: 1.445871 seconds.
  path: Assets/StateMachines/Semaphore/Actions
  artifactKey: Guid(3c783ba4fcb4681469c445fc9ec25133) Importer(815301076,1909f56bfc062723c751e8b465ee728b)
Start importing Assets/StateMachines/Semaphore/Actions using Guid(3c783ba4fcb4681469c445fc9ec25133) Importer(815301076,1909f56bfc062723c751e8b465ee728b)  -> (artifact id: '53d18837146ec50d480c37832c6ff94d') in 0.006536 seconds 
========================================================================
Received Import Request.
  Time since last request: 0.048266 seconds.
  path: Assets/StateMachines/Semaphore/Actions/AmberEnter.asset
  artifactKey: Guid(d0b3c5fb72d846043b687da5c53fa85a) Importer(815301076,1909f56bfc062723c751e8b465ee728b)
Start importing Assets/StateMachines/Semaphore/Actions/AmberEnter.asset using Guid(d0b3c5fb72d846043b687da5c53fa85a) Importer(815301076,1909f56bfc062723c751e8b465ee728b)  -> (artifact id: 'c5254da29cc4dc062363cf6c9a965474') in 0.032535 seconds 
========================================================================
Received Import Request.
  Time since last request: 0.000021 seconds.
  path: Assets/StateMachines/Semaphore/Actions/RedExit.asset
  artifactKey: Guid(8efd3f765a725ec4da34097c86d11698) Importer(815301076,1909f56bfc062723c751e8b465ee728b)
Start importing Assets/StateMachines/Semaphore/Actions/RedExit.asset using Guid(8efd3f765a725ec4da34097c86d11698) Importer(815301076,1909f56bfc062723c751e8b465ee728b)  -> (artifact id: '3aaa7a9f0ad7bb42ae415805a6f834ae') in 0.009010 seconds 
========================================================================
Received Import Request.
  Time since last request: 0.000029 seconds.
  path: Assets/StateMachines/Semaphore/Actions/GreenEnter.asset
  artifactKey: Guid(53dd8dff1184dad4183c7c00eed8a8e4) Importer(815301076,1909f56bfc062723c751e8b465ee728b)
Start importing Assets/StateMachines/Semaphore/Actions/GreenEnter.asset using Guid(53dd8dff1184dad4183c7c00eed8a8e4) Importer(815301076,1909f56bfc062723c751e8b465ee728b)  -> (artifact id: 'e97e48328f6254e5ed4362afe8aeffd6') in 0.009649 seconds 
========================================================================
Received Import Request.
  Time since last request: 0.000025 seconds.
  path: Assets/StateMachines/Semaphore/Actions/EmberUpdate.asset
  artifactKey: Guid(bda3dd3be5d92d748899070b1bed3533) Importer(815301076,1909f56bfc062723c751e8b465ee728b)
Start importing Assets/StateMachines/Semaphore/Actions/EmberUpdate.asset using Guid(bda3dd3be5d92d748899070b1bed3533) Importer(815301076,1909f56bfc062723c751e8b465ee728b)  -> (artifact id: '3fafd9bdb18fb5cf90c7f1e537a7c27a') in 0.009078 seconds 
========================================================================
Received Import Request.
  Time since last request: 0.000021 seconds.
  path: Assets/StateMachines/Semaphore/Actions/RedEnter.asset
  artifactKey: Guid(7651ef78cb408814cb10df312031b656) Importer(815301076,1909f56bfc062723c751e8b465ee728b)
Start importing Assets/StateMachines/Semaphore/Actions/RedEnter.asset using Guid(7651ef78cb408814cb10df312031b656) Importer(815301076,1909f56bfc062723c751e8b465ee728b)  -> (artifact id: 'e0754be6d0ad227d04d64eaea3e2cec7') in 0.007956 seconds 
========================================================================
Received Import Request.
  Time since last request: 52.552174 seconds.
  path: Assets/StateMachines/Semaphore/Decisions/AnyToAmber.asset
  artifactKey: Guid(9b716addc9a2f144599c7cc284ee9bc9) Importer(815301076,1909f56bfc062723c751e8b465ee728b)
Start importing Assets/StateMachines/Semaphore/Decisions/AnyToAmber.asset using Guid(9b716addc9a2f144599c7cc284ee9bc9) Importer(815301076,1909f56bfc062723c751e8b465ee728b)  -> (artifact id: 'c4d1609c2bbd2e30e22347e94e421fce') in 0.007884 seconds 
========================================================================
Received Import Request.
  Time since last request: 0.000019 seconds.
  path: Assets/StateMachines/Semaphore/Decisions/GreenToAmber.asset
  artifactKey: Guid(c5f767a5e67231c41a04a3f557b9856f) Importer(815301076,1909f56bfc062723c751e8b465ee728b)
Start importing Assets/StateMachines/Semaphore/Decisions/GreenToAmber.asset using Guid(c5f767a5e67231c41a04a3f557b9856f) Importer(815301076,1909f56bfc062723c751e8b465ee728b)  -> (artifact id: '80e8ea916e950d75aaeef3f4e82ffb6e') in 0.007652 seconds 
========================================================================
Received Import Request.
  Time since last request: 1.444511 seconds.
  path: Assets/StateMachines/Semaphore/States/StateGreen.asset
  artifactKey: Guid(d9a0fad4a998d7d48bf7705fdfaf93fe) Importer(815301076,1909f56bfc062723c751e8b465ee728b)
Start importing Assets/StateMachines/Semaphore/States/StateGreen.asset using Guid(d9a0fad4a998d7d48bf7705fdfaf93fe) Importer(815301076,1909f56bfc062723c751e8b465ee728b)  -> (artifact id: 'd77fac97da3151b6e1f6d574f5a3b583') in 0.011326 seconds 
========================================================================
Received Prepare
Registering precompiled user dll's ...
Registered in 0.006954 seconds.
Begin MonoManager ReloadAssembly
Symbol file LoadedFromMemory doesn't match image C:\Users\USUARIO\Desktop\Buscar Tabajo\ListaDeProyectosAComprobar\EntranSeguro\A1Terminados\MaquinaEstadosProject\Library\PackageCache\com.unity.visualscripting@1.7.8\Editor\VisualScripting.Core\Dependencies\YamlDotNet\Unity.VisualScripting.YamlDotNet.dll
Symbol file LoadedFromMemory doesn't match image C:\Users\USUARIO\Desktop\Buscar Tabajo\ListaDeProyectosAComprobar\EntranSeguro\A1Terminados\MaquinaEstadosProject\Library\PackageCache\com.unity.visualscripting@1.7.8\Editor\VisualScripting.Core\Dependencies\DotNetZip\Unity.VisualScripting.IonicZip.dll
Native extension for WindowsStandalone target not found
Refreshing native plugins compatible for Editor in 0.66 ms, found 3 plugins.
Preloading 0 native plugins for Editor in 0.00 ms.
Mono: successfully reloaded assembly
- Completed reload, in  0.989 seconds
Domain Reload Profiling:
	ReloadAssembly (990ms)
		BeginReloadAssembly (134ms)
			ExecutionOrderSort (0ms)
			DisableScriptedObjects (5ms)
			BackupInstance (0ms)
			ReleaseScriptingObjects (0ms)
			CreateAndSetChildDomain (34ms)
		EndReloadAssembly (743ms)
			LoadAssemblies (99ms)
			RebuildTransferFunctionScriptingTraits (0ms)
			SetupTypeCache (228ms)
			ReleaseScriptCaches (1ms)
			RebuildScriptCaches (41ms)
			SetupLoadedEditorAssemblies (333ms)
				LogAssemblyErrors (0ms)
				InitializePlatformSupportModulesInManaged (14ms)
				SetLoadedEditorAssemblies (0ms)
				RefreshPlugins (1ms)
				BeforeProcessingInitializeOnLoad (70ms)
				ProcessInitializeOnLoadAttributes (204ms)
				ProcessInitializeOnLoadMethodAttributes (32ms)
				AfterProcessingInitializeOnLoad (12ms)
				EditorAssembliesLoaded (0ms)
			ExecutionOrderSort2 (0ms)
			AwakeInstancesAfterBackupRestoration (6ms)
Platform modules already initialized, skipping
Refreshing native plugins compatible for Editor in 2.07 ms, found 3 plugins.
Preloading 0 native plugins for Editor in 0.00 ms.
Unloading 3275 Unused Serialized files (Serialized files now loaded: 0)
Unloading 17 unused Assets / (24.7 KB). Loaded Objects now: 3745.
Memory consumption went from 113.4 MB to 113.4 MB.
Total: 3.387700 ms (FindLiveObjects: 0.303600 ms CreateObjectMapping: 0.079000 ms MarkObjects: 2.974800 ms  DeleteObjects: 0.028900 ms)

AssetImportParameters requested are different than current active one (requested -> active):
  custom:video-decoder-ogg-theora: a1e56fd34408186e4bbccfd4996cb3dc -> 
  custom:container-muxer-webm: aa71ff27fc2769a1b78a27578f13a17b -> 
  custom:container-demuxer-webm: 4f35f7cbe854078d1ac9338744f61a02 -> 
  custom:video-encoder-webm-vp8: eb34c28f22e8b96e1ab97ce403110664 -> 
  custom:audio-encoder-webm-vorbis: bf7c407c2cedff20999df2af8eb42d56 -> 
  custom:framework-win-MediaFoundation: 216162199b28c13a410421893ffa2e32 -> 
  custom:container-demuxer-ogg: 62fdf1f143b41e24485cea50d1cbac27 -> 
  custom:video-decoder-webm-vp8: 9c59270c3fd7afecdb556c50c9e8de78 -> 
  custom:audio-decoder-ogg-vorbis: bf7c407c2cedff20999df2af8eb42d56 -> 
